0 info it worked if it ends with ok
1 verbose cli [ 'C:\\watools\\emsdk\\node\\4.1.1_64bit\\bin\\node.exe',
1 verbose cli   'C:\\watools\\emsdk\\node\\4.1.1_64bit\\bin\\node_modules\\npm\\bin\\npm-cli.js',
1 verbose cli   'run',
1 verbose cli   'rx1' ]
2 info using npm@2.14.4
3 info using node@v4.1.1
4 verbose stack Error: missing script: rx1
4 verbose stack     at run (C:\watools\emsdk\node\4.1.1_64bit\bin\node_modules\npm\lib\run-script.js:142:19)
4 verbose stack     at C:\watools\emsdk\node\4.1.1_64bit\bin\node_modules\npm\lib\run-script.js:58:5
4 verbose stack     at C:\watools\emsdk\node\4.1.1_64bit\bin\node_modules\npm\node_modules\read-package-json\read-json.js:345:5
4 verbose stack     at checkBinReferences_ (C:\watools\emsdk\node\4.1.1_64bit\bin\node_modules\npm\node_modules\read-package-json\read-json.js:309:45)
4 verbose stack     at final (C:\watools\emsdk\node\4.1.1_64bit\bin\node_modules\npm\node_modules\read-package-json\read-json.js:343:3)
4 verbose stack     at then (C:\watools\emsdk\node\4.1.1_64bit\bin\node_modules\npm\node_modules\read-package-json\read-json.js:113:5)
4 verbose stack     at ReadFileContext.<anonymous> (C:\watools\emsdk\node\4.1.1_64bit\bin\node_modules\npm\node_modules\read-package-json\read-json.js:284:20)
4 verbose stack     at ReadFileContext.callback (C:\watools\emsdk\node\4.1.1_64bit\bin\node_modules\npm\node_modules\graceful-fs\graceful-fs.js:76:16)
4 verbose stack     at FSReqWrap.readFileAfterOpen [as oncomplete] (fs.js:303:13)
5 verbose cwd C:\DEV\frontend-examples\redux\vanilla
6 error Windows_NT 10.0.10586
7 error argv "C:\\watools\\emsdk\\node\\4.1.1_64bit\\bin\\node.exe" "C:\\watools\\emsdk\\node\\4.1.1_64bit\\bin\\node_modules\\npm\\bin\\npm-cli.js" "run" "rx1"
8 error node v4.1.1
9 error npm  v2.14.4
10 error missing script: rx1
11 error If you need help, you may report this error at:
11 error     <https://github.com/npm/npm/issues>
12 verbose exit [ 1, true ]
